\BOOKMARK [1][-]{section*.1}{\376\377\000R\000e\000s\000e\000a\000r\000c\000h\000\040\000Q\000u\000e\000s\000t\000i\000o\000n\000\040\000/\000\040\000A\000i\000m}{}% 1
\BOOKMARK [1][-]{section*.2}{\376\377\000W\000h\000a\000t\000\040\000w\000e\000\040\000d\000i\000d}{}% 2
\BOOKMARK [1][-]{section*.3}{\376\377\000W\000h\000a\000t\000\040\000w\000e\000\040\000f\000o\000u\000n\000d}{}% 3
\BOOKMARK [1][-]{section*.4}{\376\377\000W\000h\000a\000t\000\040\000i\000t\000\040\000m\000e\000a\000n\000s}{}% 4
\BOOKMARK [1][-]{section*.5}{\376\377\000T\000a\000k\000e\000-\000H\000o\000m\000e\000\040\000m\000e\000s\000s\000a\000g\000e}{}% 5
\BOOKMARK [1][-]{section*.6}{\376\377\000F\000u\000t\000u\000r\000e\000\040\000d\000i\000r\000e\000c\000t\000i\000o\000n}{}% 6
\BOOKMARK [2][-]{section*.7}{\376\377\000M\000e\000l\000a\000n\000o\000m\000a\000\040\000I\000d\000e\000n\000t\000i\000f\000i\000c\000a\000t\000i\000o\000n}{section*.6}% 7
\BOOKMARK [3][-]{section*.8}{\376\377\000A\000r\000t\000i\000f\000i\000c\000i\000a\000l\000\040\000I\000n\000t\000e\000l\000l\000i\000g\000e\000n\000c\000e}{section*.7}% 8
\BOOKMARK [3][-]{section*.9}{\376\377\000H\000u\000m\000a\000n\000\040\000P\000e\000r\000f\000o\000r\000m\000a\000n\000c\000e}{section*.7}% 9
\BOOKMARK [2][-]{section*.10}{\376\377\000T\000h\000e\000\040\000C\000u\000r\000r\000e\000n\000t\000\040\000R\000e\000s\000e\000a\000r\000c\000h}{section*.6}% 10
\BOOKMARK [3][-]{section*.11}{\376\377\000G\000e\000n\000e\000r\000a\000l\000\040\000R\000e\000c\000o\000g\000n\000i\000t\000i\000o\000n\000\040\000T\000h\000e\000o\000r\000y}{section*.10}% 11
\BOOKMARK [3][-]{section*.12}{\376\377\000D\000e\000t\000e\000r\000m\000i\000n\000a\000t\000i\000o\000n\000\040\000o\000f\000\040\000A\000p\000p\000r\000o\000p\000r\000i\000a\000t\000e\000\040\000S\000t\000i\000m\000u\000l\000i}{section*.10}% 12
\BOOKMARK [1][-]{section*.13}{\376\377\000E\000x\000p\000e\000r\000i\000m\000e\000n\000t\000\040\0001}{}% 13
\BOOKMARK [2][-]{section*.14}{\376\377\000A\000n\000a\000l\000y\000t\000i\000c\000a\000l\000\040\000A\000p\000p\000r\000o\000a\000c\000h\000\040\000t\000o\000\040\000F\000e\000a\000t\000u\000r\000e\000\040\000I\000d\000e\000n\000t\000i\000f\000i\000c\000a\000t\000i\000o\000n}{section*.13}% 14
\BOOKMARK [2][-]{section*.15}{\376\377\000N\000e\000u\000r\000a\000l\000\040\000N\000e\000t\000\040\000A\000p\000p\000r\000o\000a\000c\000h\000\040\000t\000o\000\040\000F\000e\000a\000t\000u\000r\000e\000\040\000I\000d\000e\000n\000t\000i\000f\000i\000c\000a\000t\000i\000o\000n}{section*.13}% 15
\BOOKMARK [3][-]{section*.16}{\376\377\000H\000u\000m\000a\000n\000\040\000R\000a\000t\000i\000n\000g\000s}{section*.15}% 16
\BOOKMARK [1][-]{section*.17}{\376\377\000M\000e\000t\000h\000o\000d\000s}{}% 17
\BOOKMARK [2][-]{section*.18}{\376\377\000P\000a\000r\000t\000i\000c\000i\000p\000a\000n\000t\000s}{section*.17}% 18
\BOOKMARK [3][-]{section*.19}{\376\377\000D\000e\000s\000i\000g\000n}{section*.18}% 19
\BOOKMARK [1][-]{section*.21}{\376\377\000R\000e\000s\000u\000l\000t\000s}{}% 20
\BOOKMARK [1][-]{section*.22}{\376\377\000D\000i\000s\000c\000u\000s\000s\000i\000o\000n}{}% 21
\BOOKMARK [1][-]{section*.25}{\376\377\000R\000e\000f\000e\000r\000e\000n\000c\000e\000s}{}% 22
